<?xml version="1.0" encoding="UTF-8"?>
<!-- Generated by org.testng.reporters.JUnitReportReporter -->
<testsuite skipped="0" hostname="LAPTOP-RU5PQFBC" name="com.Runner.Adactin.Testng_Adactin" tests="3" failures="0" timestamp="2021-11-23T20:27:39 IST" time="5.502" errors="0">
  <testcase name="login" time="1.861" classname="com.Runner.Adactin.Testng_Adactin"/>
  <system-out/>
  <testcase name="hotelSearch" time="2.431" classname="com.Runner.Adactin.Testng_Adactin"/>
  <system-out/>
  <testcase name="bookHotel" time="1.210" classname="com.Runner.Adactin.Testng_Adactin"/>
  <system-out/>
</testsuite> <!-- com.Runner.Adactin.Testng_Adactin -->
