<?xml version="1.0" encoding="UTF-8"?>
<!-- Generated by org.testng.reporters.JUnitReportReporter -->
<testsuite skipped="0" hostname="LAPTOP-RU5PQFBC" name="com.Runner.Testng_Runner" tests="2" failures="0" timestamp="2021-11-24T20:48:56 IST" time="47.562" errors="0">
  <testcase name="tshirts" time="11.418" classname="com.Runner.Testng_Runner"/>
  <system-out/>
  <testcase name="Women" time="36.144" classname="com.Runner.Testng_Runner"/>
  <system-out/>
</testsuite> <!-- com.Runner.Testng_Runner -->
